*************************************
*		25 Execuções de Raio 3
*************************************
*
*		Número de gerações: 100
*		Reticulados iniciais: 100
*		Taxa de mutação: 0.016000
*
*---------- Execução 1 -----------
5135129607ff4fd7bf37e83ffd9f85ff 70
5135129e07ff4fd7bf37e8bffddf85ff 80
*---------- Execução 2 -----------
1dbf7d7ff3ff757ffbd7ef7ddffff7df 55
*---------- Execução 3 -----------
654101bfcd7f7dedafcff5ff7fdff7fb 73
654101bfc57f7dedafcff5ff7fdff7fb 84
*---------- Execução 4 -----------
000400110000884210040000a9006549 13
000400110000884210040008a9006549 39
*---------- Execução 5 -----------
*************************************
*		25 Execuções de Raio 3
*************************************
*
*		Número de gerações: 100
*		Reticulados iniciais: 100
*		Taxa de mutação: 0.016000
*
*---------- Execução 1 -----------
18522010487120020008202000800c01 2
10520010487120020008200000800c01 6
*---------- Execução 2 -----------
1001415a0610944defbff9dd4ff7bfff 89
1001415a0610944defb7f9dd4ff7bfff 96
*---------- Execução 3 -----------
71fddfffdf7f7dfffffdefffdfffefff 72
71fddfffdf7f7dfffffd6fffdfffefff 73
*---------- Execução 4 -----------
111034855ff3f1ebfefeeea7ffbffaf5 2
111034855ff3f1ebfefeeeafffbffbf7 92
*---------- Execução 5 -----------
176341b7347fe2b75b76b2e913a07f6b 8
176341b7343fe2b75b76b2e913a07f6f 56
*---------- Execução 6 -----------
171e1431a8ba87b9d573ffc5fdfdffff 31
171e1431a8ba87b9d573ffc7fffdffff 67
*---------- Execução 7 -----------
2c40b9915421090a02000882214aa29f 22
2c40b9915421090a00000882214aa29f 45
*---------- Execução 8 -----------
100a541c14147edfdf9dfdd7bbd347ff 67
100a541c14147edfdfddfdd7b9d347ff 71
*---------- Execução 9 -----------
