*************************************
*		25 Execuções de Raio 2
*************************************
*
*		Número de gerações: 10
*		Reticulados iniciais: 100
*		Taxa de mutação: 0.016000
*
*---------- Execução 1 -----------
*************************************
*		25 Execuções de Raio 2
*************************************
*
*		Número de gerações: 100
*		Reticulados iniciais: 100
*		Taxa de mutação: 0.016000
*
*---------- Execução 1 -----------
2115108763 84
*---------- Execução 2 -----------
869400311 82
*---------- Execução 3 -----------
135332173 20
1114445 35
*---------- Execução 4 -----------
151012467 73
*---------- Execução 5 -----------
941194559 82
*---------- Execução 6 -----------
89125983 1
89126239 68
*---------- Execução 7 -----------
*************************************
*		25 Execuções de Raio 2
*************************************
*
*		Número de gerações: 100
*		Reticulados iniciais: 100
*		Taxa de mutação: 0.016000
*
*---------- Execução 1 -----------
1409 53
*---------- Execução 2 -----------
1378945525 2
36768245 55
*---------- Execução 3 -----------
2013265917 3
2147483647 42
*---------- Execução 4 -----------
1741422335 2
1204551423 63
*---------- Execução 5 -----------
422935031 68
*---------- Execução 6 -----------
1538392063 70
*---------- Execução 7 -----------
272630867 63
*---------- Execução 8 -----------
24255383 48
*---------- Execução 9 -----------
21841229 78
*---------- Execução 10 -----------
827408351 75
*---------- Execução 11 -----------
1024548479 57
*---------- Execução 12 -----------
16908279 62
*---------- Execução 13 -----------
