*************************************
*		50 Execuções de Raio 2
*************************************
*
*		Número de gerações: 100
*		Reticulados iniciais: 100
*		Taxa de mutação: 0.016000
*
*---------- Execução 1 -----------
1987047807 99
*---------- Execução 2 -----------
291328863 30
291329887 99
*---------- Execução 3 -----------
1207941983 77
*---------- Execução 4 -----------
1570372711 99
*---------- Execução 5 -----------
1831993343 98
*---------- Execução 6 -----------
1572862335 92
*---------- Execução 7 -----------
1046347671 0
912129943 91
*---------- Execução 8 -----------
1542577143 100
*---------- Execução 9 -----------
1336277311 0
1604843839 82
*---------- Execução 10 -----------
1841299327 60
*---------- Execução 11 -----------
2088620543 100
*---------- Execução 12 -----------
1834866175 58
1834868223 100
*---------- Execução 13 -----------
255944567 44
121726839 99
*---------- Execução 14 -----------
4026457951 0
2147418111 0
4290699103 0
2147332975 0
2147184617 0
4294669567 0
4290622319 0
4194303990 0
4026531823 0
4294835711 0
4026466303 0
2147409759 0
3757039582 0
4294967293 0
*---------- Execução 15 -----------
1103755255 100
*---------- Execução 16 -----------
2115825051 0
2115894683 89
*---------- Execução 17 -----------
1316066815 97
*---------- Execução 18 -----------
2115231743 98
*---------- Execução 19 -----------
1568480767 93
*---------- Execução 20 -----------
4294934495 0
4294375421 0
4257218559 0
3749444859 0
3211788279 0
4160684030 0
3487563263 0
3221225471 0
4257217787 0
4294410207 0
3221223422 0
4294899709 0
2145246319 0
3749445631 0
*---------- Execução 21 -----------
2115628479 95
*---------- Execução 22 -----------
1836842959 53
1834745807 71
*---------- Execução 23 -----------
531878623 31
531878559 90
*---------- Execução 24 -----------
1182509941 0
1182509951 97
*---------- Execução 25 -----------
1572732735 98
1571684159 98
*---------- Execução 26 -----------
1301937655 0
1570373111 100
*---------- Execução 27 -----------
1845492471 53
1844969207 66
*---------- Execução 28 -----------
469235183 28
*---------- Execução 29 -----------
1608735143 96
*---------- Execução 30 -----------
2046814571 11
2042620267 21
*---------- Execução 31 -----------
1062731599 75
*---------- Execução 32 -----------
2115108335 100
*---------- Execução 33 -----------
1727013871 0
1727079407 100
*---------- Execução 34 -----------
1024793595 95
*---------- Execução 35 -----------
2117593087 97
*---------- Execução 36 -----------
1866324447 96
*---------- Execução 37 -----------
1126144511 92
1126140415 97
*---------- Execução 38 -----------
1573724015 92
*---------- Execução 39 -----------
1440742263 95
*---------- Execução 40 -----------
2137385951 0
2138434527 75
*---------- Execução 41 -----------
1870655471 10
1870385135 60
*---------- Execução 42 -----------
2119302103 0
2119302111 94
*---------- Execução 43 -----------
1865801643 96
*---------- Execução 44 -----------
1983889407 34
1983881215 58
*---------- Execução 45 -----------
1985469531 0
1985994075 91
*---------- Execução 46 -----------
1570369339 0
1570369343 100
*---------- Execução 47 -----------
1900904447 95
1900904443 95
*---------- Execução 48 -----------
925203423 93
*---------- Execução 49 -----------
4294733823 0
4294409087 0
4060052287 0
4016783359 0
4294965247 0
4261412853 0
4059807743 0
2145187839 0
4294966143 0
4227332095 0
4017093439 0
4294242303 0
3758096255 0
4261085183 0
*---------- Execução 50 -----------
1207687039 90
