*************************************
*		25 Execuções de Raio 2
*************************************
*
*		Número de gerações: 100
*		Reticulados iniciais: 100
*		Taxa de mutação: 0.016000
*
*---------- Execução 1 -----------
*************************************
*		25 Execuções de Raio 3
*************************************
*
*		Número de gerações: 100
*		Reticulados iniciais: 100
*		Taxa de mutação: 0.016000
*
*---------- Execução 1 -----------
fffffffe6ffffff7 0
fffffffe6ffffff7 0
*---------- Execução 2 -----------
ffffffffbf7fbbff 0
ffffffffbf7fbfff 0
*---------- Execução 3 -----------
*************************************
*		1 Execuções de Raio 3
*************************************
*
*		Número de gerações: 100
*		Reticulados iniciais: 100
*		Taxa de mutação: 0.016000
*
*---------- Execução 1 -----------
