*************************************
*		25 Execuções de Raio 2
*************************************
*
*		Número de gerações: 100
*		Reticulados iniciais: 100
*		Taxa de mutação: 0.016000
*
*---------- Execução 1 -----------
1643601919 0
*---------- Execução 2 -----------
268466119 0
*---------- Execução 3 -----------
1708750331 0
*---------- Execução 4 -----------
17432877 0
*---------- Execução 5 -----------
1173354495 10
1171257343 360
*---------- Execução 6 -----------
272708621 0
*---------- Execução 7 -----------
1078284215 10
1078284279 540
*---------- Execução 8 -----------
1036865487 10
1036864975 1440
*---------- Execução 9 -----------
270791551 0
*---------- Execução 10 -----------
269486205 0
*---------- Execução 11 -----------
20410685 0
20279613 2160
*---------- Execução 12 -----------
5267039 0
*---------- Execução 13 -----------
