*************************************
*		25 Execuções de Raio 2
*************************************
*
*		Número de gerações: 100
*		Reticulados iniciais: 100
*		Taxa de mutação: 0.016000
*
*---------- Execução 1 -----------
1830158335 100
*---------- Execução 2 -----------
1610479615 0
2147350527 0
*---------- Execução 3 -----------
2147483639 0
*---------- Execução 4 -----------
1576927231 100
*---------- Execução 5 -----------
4293918719 0
4294967295 0
*---------- Execução 6 -----------
1030749691 0
1064304123 90
*---------- Execução 7 -----------
2147221503 0
*---------- Execução 8 -----------
