*************************************
*		25 Execuções de Raio 2
*************************************
*
*		Número de gerações: 100
*		Reticulados iniciais: 100
*		Taxa de mutação: 0.016000
*
*---------- Execução 1 -----------
*************************************
*		25 Execuções de Raio 2
*************************************
*
*		Número de gerações: 100
*		Reticulados iniciais: 100
*		Taxa de mutação: 0.016000
*
*---------- Execução 1 -----------
998203391 100
*---------- Execução 2 -----------
1476386815 100
1476395007 100
*---------- Execução 3 -----------
